\BOOKMARK [1][-]{section.1}{\376\377\000E\000i\000n\000f\000u\000e\000h\000r\000u\000n\000g\000\040\000i\000n\000\040\000d\000i\000e\000\040\000S\000h\000e\000l\000l\000-\000P\000r\000o\000g\000r\000a\000m\000m\000i\000e\000r\000u\000n\000g}{}% 1
\BOOKMARK [1][-]{section.2}{\376\377\000E\000r\000s\000t\000e\000\040\000S\000c\000h\000r\000i\000t\000t\000e}{}% 2
\BOOKMARK [1][-]{section.3}{\376\377\000V\000a\000r\000i\000a\000b\000l\000e\000n\000\040\000u\000n\000d\000\040\000Q\000u\000o\000t\000i\000n\000g}{}% 3
\BOOKMARK [2][-]{subsection.3.1}{\376\377\000S\000p\000e\000z\000i\000e\000l\000l\000e\000\040\000T\000y\000p\000e\000n\000\040\000v\000o\000n\000\040\000V\000a\000r\000i\000a\000b\000l\000e\000n}{section.3}% 4
\BOOKMARK [2][-]{subsection.3.2}{\376\377\000Q\000u\000o\000t\000i\000e\000r\000u\000n\000g}{section.3}% 5
\BOOKMARK [1][-]{section.4}{\376\377\000A\000r\000r\000a\000y\000s}{}% 6
\BOOKMARK [1][-]{section.5}{\376\377\000K\000o\000m\000m\000a\000n\000d\000o\000s\000u\000b\000s\000t\000i\000t\000u\000t\000i\000o\000n}{}% 7
\BOOKMARK [1][-]{section.6}{\376\377\0001\000.\0006\000\040\000K\000l\000a\000m\000m\000e\000r\000e\000r\000w\000e\000i\000t\000e\000r\000u\000n\000g}{}% 8
\BOOKMARK [1][-]{section.7}{\376\377\000P\000a\000r\000a\000m\000e\000t\000e\000r}{}% 9
\BOOKMARK [2][-]{subsection.7.1}{\376\377\000P\000o\000s\000i\000t\000i\000o\000n\000s\000p\000a\000r\000a\000m\000e\000t\000e\000r}{section.7}% 10
\BOOKMARK [2][-]{subsection.7.2}{\376\377\000S\000p\000e\000z\000i\000a\000l\000p\000a\000r\000a\000m\000e\000t\000e\000r}{section.7}% 11
\BOOKMARK [1][-]{section.8}{\376\377\000P\000a\000r\000a\000m\000e\000t\000e\000r\000e\000r\000w\000e\000i\000t\000e\000r\000u\000n\000g}{}% 12
\BOOKMARK [1][-]{section.9}{\376\377\000!\000/\000b\000i\000n\000/\000b\000a\000s\000h}{}% 13
\BOOKMARK [1][-]{section.10}{\376\377\000B\000e\000d\000i\000n\000g\000t\000e\000\040\000A\000u\000s\000f\000u\000e\000h\000r\000u\000n\000g}{}% 14
\BOOKMARK [1][-]{section.11}{\376\377\000T\000e\000s\000t\000s\000,\000\040\000V\000e\000r\000z\000w\000e\000i\000g\000u\000n\000g\000e\000n\000\040\000u\000n\000d\000\040\000S\000c\000h\000l\000e\000i\000f\000e\000n}{}% 15
\BOOKMARK [2][-]{subsection.11.1}{\376\377\000S\000t\000a\000t\000e\000m\000e\000n\000t\000\040\000i\000f\000\040\040\046\000\040\000t\000h\000e\000n}{section.11}% 16
\BOOKMARK [2][-]{subsection.11.2}{\376\377\000S\000t\000a\000t\000e\000m\000e\000n\000t\000\040\000f\000o\000r\000\040\040\046\000\040\000d\000o}{section.11}% 17
\BOOKMARK [2][-]{subsection.11.3}{\376\377\000S\000t\000a\000t\000e\000m\000e\000n\000t\000\040\000w\000h\000i\000l\000e\000\040\000u\000n\000d\000\040\000u\000n\000t\000i\000l}{section.11}% 18
\BOOKMARK [2][-]{subsection.11.4}{\376\377\000c\000a\000s\000e\000\040\000S\000t\000a\000t\000e\000m\000e\000n\000t}{section.11}% 19
\BOOKMARK [1][-]{section.12}{\376\377\000A\000r\000i\000t\000h\000m\000e\000t\000i\000k}{}% 20
\BOOKMARK [1][-]{section.13}{\376\377\000F\000u\000n\000k\000t\000i\000o\000n\000e\000n}{}% 21
\BOOKMARK [1][-]{section.14}{\376\377\000E\000i\000n\000-\000/\000A\000u\000s\000g\000a\000b\000e\000-\000U\000m\000l\000e\000i\000t\000u\000n\000g\000e\000n}{}% 22
\BOOKMARK [1][-]{section.15}{\376\377\000P\000i\000p\000e\000s}{}% 23
\BOOKMARK [1][-]{section.16}{\376\377\000T\000e\000x\000t\000m\000a\000n\000i\000p\000u\000l\000a\000t\000i\000o\000n\000e\000n}{}% 24
\BOOKMARK [1][-]{section.17}{\376\377\000r\000e\000g\000u\000l\000\344\000r\000e\000\040\000A\000u\000s\000d\000r\000\374\000c\000k\000e}{}% 25
\BOOKMARK [2][-]{subsection.17.1}{\376\377\000Z\000e\000i\000c\000h\000e\000n\000k\000l\000a\000s\000s\000e\000n}{section.17}% 26
\BOOKMARK [2][-]{subsection.17.2}{\376\377\000W\000i\000e\000d\000e\000r\000h\000o\000l\000u\000n\000g\000s\000o\000p\000e\000r\000a\000t\000o\000r\000e\000n}{section.17}% 27
\BOOKMARK [1][-]{section.18}{\376\377\000[\000r\000e\000p}{}% 28
\BOOKMARK [1][-]{section.19}{\376\377\000s\000e\000d\000\040\000S\000t\000r\000e\000a\000m\000\040\000E\000d\000i\000t\000o\000r}{}% 29
\BOOKMARK [2][-]{subsection.19.1}{\376\377\000O\000p\000t\000i\000o\000n\000e\000n\000\040\000v\000o\000n\000\040\000s\000e\000d}{section.19}% 30
\BOOKMARK [2][-]{subsection.19.2}{\376\377\000B\000e\000i\000s\000p\000i\000e\000l\000e}{section.19}% 31
